#
# There is insufficient memory for the Java Runtime Environment to continue.
# Native memory allocation (malloc) failed to allocate 1048576 bytes for AllocateHeap
# Possible reasons:
#   The system is out of physical RAM or swap space
#   The process is running with CompressedOops enabled, and the Java Heap may be blocking the growth of the native heap
# Possible solutions:
#   Reduce memory load on the system
#   Increase physical memory or swap space
#   Check if swap backing store is full
#   Decrease Java heap size (-Xmx/-Xms)
#   Decrease number of Java threads
#   Decrease Java thread stack sizes (-Xss)
#   Set larger code cache with -XX:ReservedCodeCacheSize=
# This output file may be truncated or incomplete.
#
#  Out of Memory Error (./src/hotspot/share/memory/allocation.cpp:46), pid=19392, tid=11880
#
# JRE version:  (11.0.10) (build )
# Java VM: OpenJDK 64-Bit Server VM (11.0.10+0-b96-7249189, mixed mode, sharing, tiered, compressed oops, g1 gc, windows-amd64)
# No core dump will be written. Minidumps are not enabled by default on client versions of Windows
#

---------------  S U M M A R Y ------------

Command Line: org.jetbrains.git4idea.http.GitAskPassApp Username for 'https://github.com': 

Host: Intel(R) Core(TM) i5-8250U CPU @ 1.60GHz, 8 cores, 7G,  Windows 10 , 64 bit Build 22000 (10.0.22000.434)
Time: Thu Jan 27 21:19:26 2022 Eastern Standard Time elapsed time: 0.017742 seconds (0d 0h 0m 0s)

---------------  T H R E A D  ---------------

Current thread (0x00000235b7a82000):  JavaThread "Unknown thread" [_thread_in_vm, id=11880, stack(0x0000009ecf800000,0x0000009ecf900000)]

Stack: [0x0000009ecf800000,0x0000009ecf900000]
Native frames: (J=compiled Java code, j=interpreted, Vv=VM code, C=native code)
V  [jvm.dll+0x5ecfaa]
V  [jvm.dll+0x722bd5]
V  [jvm.dll+0x72412d]
V  [jvm.dll+0x7247e3]
V  [jvm.dll+0x242928]
V  [jvm.dll+0xb39a4]
V  [jvm.dll+0x2e08f7]
V  [jvm.dll+0x2d99fa]
V  [jvm.dll+0x701737]
V  [jvm.dll+0x702f2c]
V  [jvm.dll+0x3587d9]
V  [jvm.dll+0x6e4fae]
V  [jvm.dll+0x3c0be3]
V  [jvm.dll+0x3c2e91]
C  [jli.dll+0x5373]
C  [ucrtbase.dll+0x26c0c]
C  [KERNEL32.DLL+0x154e0]
C  [ntdll.dll+0x485b]


---------------  P R O C E S S  ---------------

Threads class SMR info:
_java_thread_list=0x00000235b7982900, length=0, elements={
}

Java Threads: ( => current thread )

Other Threads:
  0x00000235b7a9b800 GCTaskThread "GC Thread#0" [stack: 0x0000009ecf900000,0x0000009ecfa00000] [id=14844]

[error occurred during error reporting (printing all threads), id 0xc0000005, EXCEPTION_ACCESS_VIOLATION (0xc0000005) at pc=0x00007ffc53655ec0]

VM state:not at safepoint (not fully initialized)

VM Mutex/Monitor currently owned by a thread:  ([mutex/lock_event])
[0x00000235b7a7eec0] Heap_lock - owner thread: 0x00000235b7a82000

Heap address: 0x0000000082e00000, size: 2002 MB, Compressed Oops mode: Non-zero based: 0x0000000082e00000
Narrow klass base: 0x0000000000000000, Narrow klass shift: 0

GC Heap History (0 events):
No events

Deoptimization events (0 events):
No events

Classes redefined (0 events):
No events

Internal exceptions (0 events):
No events

Events (1 events):
Event: 0.011 Loaded shared library C:\Program Files\Android\Android Studio\jre\bin\zip.dll


Dynamic libraries:
0x00007ff6f47b0000 - 0x00007ff6f47ba000 	C:\Program Files\Android\Android Studio\jre\bin\java.exe
0x00007ffcfef20000 - 0x00007ffcff127000 	C:\WINDOWS\SYSTEM32\ntdll.dll
0x00007ffccdb10000 - 0x00007ffccdb26000 	C:\Program Files\AVAST Software\Avast\aswhook.dll
0x00007ffcfde70000 - 0x00007ffcfdf2d000 	C:\WINDOWS\System32\KERNEL32.DLL
0x00007ffcfc970000 - 0x00007ffcfcce4000 	C:\WINDOWS\System32\KERNELBASE.dll
0x00007ffcfc850000 - 0x00007ffcfc961000 	C:\WINDOWS\System32\ucrtbase.dll
0x00007ffcda340000 - 0x00007ffcda359000 	C:\Program Files\Android\Android Studio\jre\bin\jli.dll
0x00007ffcfdab0000 - 0x00007ffcfdc5c000 	C:\WINDOWS\System32\USER32.dll
0x00007ffcfcd90000 - 0x00007ffcfcdb6000 	C:\WINDOWS\System32\win32u.dll
0x00007ffcfde30000 - 0x00007ffcfde59000 	C:\WINDOWS\System32\GDI32.dll
0x00007ffcfc480000 - 0x00007ffcfc592000 	C:\WINDOWS\System32\gdi32full.dll
0x00007ffcfccf0000 - 0x00007ffcfcd8d000 	C:\WINDOWS\System32\msvcp_win.dll
0x00007ffcda150000 - 0x00007ffcda167000 	C:\Program Files\Android\Android Studio\jre\bin\VCRUNTIME140.dll
0x00007ffce1d20000 - 0x00007ffce1fc5000 	C:\WINDOWS\WinSxS\amd64_microsoft.windows.common-controls_6595b64144ccf1df_6.0.22000.120_none_9d947278b86cc467\COMCTL32.dll
0x00007ffcfda00000 - 0x00007ffcfdaa3000 	C:\WINDOWS\System32\msvcrt.dll
0x00007ffcfed90000 - 0x00007ffcfedc1000 	C:\WINDOWS\System32\IMM32.DLL
0x00007ffccffa0000 - 0x00007ffcd003d000 	C:\Program Files\Android\Android Studio\jre\bin\msvcp140.dll
0x00007ffc53370000 - 0x00007ffc53e3f000 	C:\Program Files\Android\Android Studio\jre\bin\server\jvm.dll
0x00007ffcfedd0000 - 0x00007ffcfee7e000 	C:\WINDOWS\System32\ADVAPI32.dll
0x00007ffcfe3d0000 - 0x00007ffcfe46e000 	C:\WINDOWS\System32\sechost.dll
0x00007ffcfceb0000 - 0x00007ffcfcfd0000 	C:\WINDOWS\System32\RPCRT4.dll
0x00007ffcfd790000 - 0x00007ffcfd798000 	C:\WINDOWS\System32\PSAPI.DLL
0x00007ffce7920000 - 0x00007ffce7929000 	C:\WINDOWS\SYSTEM32\WSOCK32.dll
0x00007ffcfe470000 - 0x00007ffcfe4df000 	C:\WINDOWS\System32\WS2_32.dll
0x00007ffcf9550000 - 0x00007ffcf9583000 	C:\WINDOWS\SYSTEM32\WINMM.dll
0x00007ffcf4f60000 - 0x00007ffcf4f6a000 	C:\WINDOWS\SYSTEM32\VERSION.dll
0x00007ffcfb510000 - 0x00007ffcfb528000 	C:\WINDOWS\SYSTEM32\kernel.appcore.dll
0x00007ffcec250000 - 0x00007ffcec261000 	C:\Program Files\Android\Android Studio\jre\bin\verify.dll
0x00007ffcfa0c0000 - 0x00007ffcfa2e1000 	C:\WINDOWS\SYSTEM32\DBGHELP.DLL
0x00007ffcf2b50000 - 0x00007ffcf2b81000 	C:\WINDOWS\SYSTEM32\dbgcore.DLL
0x00007ffcfc710000 - 0x00007ffcfc78f000 	C:\WINDOWS\System32\bcryptPrimitives.dll
0x00007ffce3840000 - 0x00007ffce3869000 	C:\Program Files\Android\Android Studio\jre\bin\java.dll
0x00007ffcf6600000 - 0x00007ffcf660b000 	C:\Program Files\Android\Android Studio\jre\bin\jimage.dll
0x00007ffce23c0000 - 0x00007ffce23d8000 	C:\Program Files\Android\Android Studio\jre\bin\zip.dll

dbghelp: loaded successfully - version: 4.0.5 - missing functions: none
symbol engine: initialized successfully - sym options: 0x614 - pdb path: .;C:\Program Files\Android\Android Studio\jre\bin;C:\WINDOWS\SYSTEM32;C:\Program Files\AVAST Software\Avast;C:\WINDOWS\WinSxS\amd64_microsoft.windows.common-controls_6595b64144ccf1df_6.0.22000.120_none_9d947278b86cc467;C:\Program Files\Android\Android Studio\jre\bin\server

VM Arguments:
java_command: org.jetbrains.git4idea.http.GitAskPassApp Username for 'https://github.com': 
java_class_path (initial): C:/Program Files/Android/Android Studio/plugins/git4idea/lib/git4idea-rt.jar;C:/Program Files/Android/Android Studio/lib/xmlrpc-2.0.1.jar;C:/Program Files/Android/Android Studio/lib/commons-codec-1.14.jar
Launcher Type: SUN_STANDARD

[Global flags]
     intx CICompilerCount                          = 4                                         {product} {ergonomic}
     uint ConcGCThreads                            = 2                                         {product} {ergonomic}
     uint G1ConcRefinementThreads                  = 8                                         {product} {ergonomic}
   size_t G1HeapRegionSize                         = 1048576                                   {product} {ergonomic}
    uintx GCDrainStackTargetSize                   = 64                                        {product} {ergonomic}
   size_t InitialHeapSize                          = 132120576                                 {product} {ergonomic}
   size_t MarkStackSize                            = 4194304                                   {product} {ergonomic}
   size_t MaxHeapSize                              = 2099249152                                {product} {ergonomic}
   size_t MinHeapDeltaBytes                        = 1048576                                   {product} {ergonomic}
    uintx NonNMethodCodeHeapSize                   = 5836300                                {pd product} {ergonomic}
    uintx NonProfiledCodeHeapSize                  = 122910970                              {pd product} {ergonomic}
    uintx ProfiledCodeHeapSize                     = 122910970                              {pd product} {ergonomic}
    uintx ReservedCodeCacheSize                    = 251658240                              {pd product} {ergonomic}
     bool SegmentedCodeCache                       = true                                      {product} {ergonomic}
     bool UseCompressedClassPointers               = true                                 {lp64_product} {ergonomic}
     bool UseCompressedOops                        = true                                 {lp64_product} {ergonomic}
     bool UseG1GC                                  = true                                      {product} {ergonomic}
     bool UseLargePagesIndividualAllocation        = false                                  {pd product} {ergonomic}

Logging:
Log output configuration:
 #0: stdout all=warning uptime,level,tags
 #1: stderr all=off uptime,level,tags

Environment Variables:
PATH=C:\Program Files\Git\mingw64\libexec\git-core;C:\Program Files\Git\mingw64\libexec\git-core;C:\Program Files\Git\mingw64\bin;C:\Program Files\Git\usr\bin;C:\Users\Shreya\bin;C:\WINDOWS\system32;C:\WINDOWS;C:\WINDOWS\System32\Wbem;C:\WINDOWS\System32\WindowsPowerShell\v1.0;C:\WINDOWS\System32\OpenSSH;C:\Program Files\dotnet;C:\Program Files\Git\cmd;C:\Users\Shreya\AppData\Local\Programs\Python\Python310\Scripts;C:\Users\Shreya\AppData\Local\Programs\Python\Python310;C:\Users\Shreya\AppData\Local\Microsoft\WindowsApps;C:\Users\Shreya\AppData\Local\atom\bin;C:\Users\Shreya\AppData\Local\Programs\Microsoft VS Code\bin;C:\Users\Shreya\AppData\Local\Microsoft\WindowsApps
USERNAME=Shreya
DISPLAY=:0.0
LC_ALL=en_US.UTF-8
OS=Windows_NT
PROCESSOR_IDENTIFIER=Intel64 Family 6 Model 142 Stepping 10, GenuineIntel



---------------  S Y S T E M  ---------------

OS: Windows 10 , 64 bit Build 22000 (10.0.22000.434)
OS uptime: 0 days 11:14 hours

CPU:total 8 (initial active 8) (4 cores per cpu, 2 threads per core) family 6 model 142 stepping 10 microcode 0xea, cmov, cx8, fxsr, mmx, sse, sse2, sse3, ssse3, sse4.1, sse4.2, popcnt, avx, avx2, aes, clmul, erms, 3dnowpref, lzcnt, ht, tsc, tscinvbit, bmi1, bmi2, adx, fma

Memory: 4k page, system-wide physical 8000M (594M free)
TotalPageFile size 16695M (AvailPageFile size 6M)
current process WorkingSet (physical memory assigned to process): 10M, peak: 10M
current process commit charge ("private bytes"): 59M, peak: 60M

vm_info: OpenJDK 64-Bit Server VM (11.0.10+0-b96-7249189) for windows-amd64 JRE (11.0.10+0-b96-7249189), built on Mar 31 2021 21:44:00 by "builder" with MS VC++ 14.0 (VS2015)

END.
